{"C:\\Users\\ylach\\Desktop\\joao\\sonar-nodejs-example\\src\\Task.ts": {"path":"C:\\Users\\ylach\\Desktop\\joao\\sonar-nodejs-example\\src\\Task.ts","statementMap":{"0":{"start":{"line":3,"column":0},"end":{"line":11,"column":0}},"1":{"start":{"line":8,"column":11},"end":{"line":8,"column":37}},"2":{"start":{"line":5,"column":11},"end":{"line":5,"column":21}},"3":{"start":{"line":6,"column":11},"end":{"line":6,"column":24}},"4":{"start":{"line":7,"column":11},"end":{"line":7,"column":30}},"5":{"start":{"line":9,"column":11},"end":{"line":9,"column":22}},"6":{"start":{"line":11,"column":0},"end":{"line":11,"column":1}},"7":{"start":{"line":3,"column":13},"end":{"line":3,"column":17}}},"fnMap":{"0":{"name":"(anonymous_0)","decl":{"start":{"line":3,"column":0},"end":{"line":null,"column":-1}},"loc":{"start":{"line":3,"column":0},"end":{"line":3,"column":-1}}},"1":{"name":"Task","decl":{"start":{"line":4,"column":2},"end":{"line":5,"column":10}},"loc":{"start":{"line":9,"column":22},"end":{"line":10,"column":6}}}},"branchMap":{"0":{"loc":{"start":{"line":8,"column":11},"end":{"line":8,"column":37}},"type":"if","locations":[{"start":{"line":8,"column":11},"end":{"line":8,"column":37}},{"start":{"line":8,"column":11},"end":{"line":8,"column":37}}]}},"s":{"0":1,"1":44,"2":22,"3":22,"4":22,"5":22,"6":1,"7":1},"f":{"0":1,"1":22},"b":{"0":[0,22]}}
,"C:\\Users\\ylach\\Desktop\\joao\\sonar-nodejs-example\\src\\TaskManager.ts": {"path":"C:\\Users\\ylach\\Desktop\\joao\\sonar-nodejs-example\\src\\TaskManager.ts","statementMap":{"0":{"start":{"line":1,"column":0},"end":{"line":1,"column":29}},"1":{"start":{"line":4,"column":0},"end":{"line":90,"column":0}},"2":{"start":{"line":10,"column":4},"end":{"line":10,"column":20}},"3":{"start":{"line":11,"column":4},"end":{"line":11,"column":20}},"4":{"start":{"line":14,"column":2},"end":{"line":16,"column":3}},"5":{"start":{"line":15,"column":4},"end":{"line":15,"column":22}},"6":{"start":{"line":18,"column":2},"end":{"line":20,"column":3}},"7":{"start":{"line":19,"column":4},"end":{"line":19,"column":53}},"8":{"start":{"line":19,"column":37},"end":{"line":19,"column":51}},"9":{"start":{"line":22,"column":2},"end":{"line":27,"column":3}},"10":{"start":{"line":23,"column":15},"end":{"line":23,"column":36}},"11":{"start":{"line":24,"column":17},"end":{"line":24,"column":65}},"12":{"start":{"line":25,"column":4},"end":{"line":25,"column":26}},"13":{"start":{"line":26,"column":4},"end":{"line":26,"column":16}},"14":{"start":{"line":29,"column":2},"end":{"line":39,"column":3}},"15":{"start":{"line":30,"column":22},"end":{"line":30,"column":68}},"16":{"start":{"line":30,"column":53},"end":{"line":30,"column":67}},"17":{"start":{"line":32,"column":4},"end":{"line":37,"column":5}},"18":{"start":{"line":33,"column":8},"end":{"line":33,"column":44}},"19":{"start":{"line":34,"column":8},"end":{"line":34,"column":56}},"20":{"start":{"line":35,"column":8},"end":{"line":35,"column":48}},"21":{"start":{"line":36,"column":8},"end":{"line":36,"column":37}},"22":{"start":{"line":38,"column":4},"end":{"line":38,"column":21}},"23":{"start":{"line":41,"column":2},"end":{"line":49,"column":3}},"24":{"start":{"line":42,"column":22},"end":{"line":42,"column":68}},"25":{"start":{"line":42,"column":53},"end":{"line":42,"column":67}},"26":{"start":{"line":44,"column":4},"end":{"line":47,"column":5}},"27":{"start":{"line":45,"column":8},"end":{"line":45,"column":47}},"28":{"start":{"line":46,"column":8},"end":{"line":46,"column":37}},"29":{"start":{"line":48,"column":4},"end":{"line":48,"column":21}},"30":{"start":{"line":51,"column":2},"end":{"line":55,"column":3}},"31":{"start":{"line":52,"column":26},"end":{"line":52,"column":43}},"32":{"start":{"line":53,"column":4},"end":{"line":53,"column":61}},"33":{"start":{"line":53,"column":45},"end":{"line":53,"column":59}},"34":{"start":{"line":54,"column":4},"end":{"line":54,"column":47}},"35":{"start":{"line":57,"column":2},"end":{"line":59,"column":3}},"36":{"start":{"line":58,"column":4},"end":{"line":58,"column":55}},"37":{"start":{"line":58,"column":39},"end":{"line":58,"column":53}},"38":{"start":{"line":61,"column":2},"end":{"line":63,"column":3}},"39":{"start":{"line":62,"column":4},"end":{"line":62,"column":56}},"40":{"start":{"line":62,"column":39},"end":{"line":62,"column":54}},"41":{"start":{"line":65,"column":2},"end":{"line":71,"column":3}},"42":{"start":{"line":66,"column":25},"end":{"line":66,"column":46}},"43":{"start":{"line":67,"column":4},"end":{"line":70,"column":6}},"44":{"start":{"line":68,"column":6},"end":{"line":69,"column":59}},"45":{"start":{"line":73,"column":2},"end":{"line":84,"column":3}},"46":{"start":{"line":74,"column":17},"end":{"line":74,"column":56}},"47":{"start":{"line":74,"column":40},"end":{"line":74,"column":55}},"48":{"start":{"line":75,"column":17},"end":{"line":75,"column":56}},"49":{"start":{"line":75,"column":40},"end":{"line":75,"column":55}},"50":{"start":{"line":77,"column":4},"end":{"line":81,"column":5}},"51":{"start":{"line":78,"column":6},"end":{"line":78,"column":23}},"52":{"start":{"line":79,"column":6},"end":{"line":79,"column":28}},"53":{"start":{"line":80,"column":6},"end":{"line":80,"column":18}},"54":{"start":{"line":83,"column":4},"end":{"line":83,"column":21}},"55":{"start":{"line":86,"column":2},"end":{"line":89,"column":3}},"56":{"start":{"line":87,"column":17},"end":{"line":87,"column":56}},"57":{"start":{"line":87,"column":40},"end":{"line":87,"column":55}},"58":{"start":{"line":88,"column":4},"end":{"line":88,"column":34}},"59":{"start":{"line":90,"column":0},"end":{"line":90,"column":1}},"60":{"start":{"line":4,"column":13},"end":{"line":4,"column":24}}},"fnMap":{"0":{"name":"(anonymous_0)","decl":{"start":{"line":4,"column":0},"end":{"line":null,"column":-1}},"loc":{"start":{"line":4,"column":0},"end":{"line":4,"column":-1}}},"1":{"name":"TaskManager","decl":{"start":{"line":9,"column":2},"end":{"line":null,"column":-1}},"loc":{"start":{"line":9,"column":2},"end":{"line":12,"column":3}}},"2":{"name":"(anonymous_2)","decl":{"start":{"line":14,"column":2},"end":{"line":null,"column":-1}},"loc":{"start":{"line":14,"column":2},"end":{"line":16,"column":3}}},"3":{"name":"(anonymous_3)","decl":{"start":{"line":18,"column":2},"end":{"line":18,"column":13}},"loc":{"start":{"line":18,"column":24},"end":{"line":20,"column":3}}},"4":{"name":"(anonymous_4)","decl":{"start":{"line":19,"column":27},"end":{"line":19,"column":27}},"loc":{"start":{"line":19,"column":32},"end":{"line":19,"column":51}}},"5":{"name":"(anonymous_5)","decl":{"start":{"line":22,"column":2},"end":{"line":22,"column":9}},"loc":{"start":{"line":22,"column":60},"end":{"line":27,"column":3}}},"6":{"name":"(anonymous_6)","decl":{"start":{"line":29,"column":2},"end":{"line":29,"column":12}},"loc":{"start":{"line":29,"column":75},"end":{"line":39,"column":3}}},"7":{"name":"(anonymous_7)","decl":{"start":{"line":30,"column":43},"end":{"line":30,"column":43}},"loc":{"start":{"line":30,"column":48},"end":{"line":30,"column":67}}},"8":{"name":"(anonymous_8)","decl":{"start":{"line":41,"column":2},"end":{"line":41,"column":14}},"loc":{"start":{"line":41,"column":25},"end":{"line":49,"column":3}}},"9":{"name":"(anonymous_9)","decl":{"start":{"line":42,"column":43},"end":{"line":42,"column":43}},"loc":{"start":{"line":42,"column":48},"end":{"line":42,"column":67}}},"10":{"name":"(anonymous_10)","decl":{"start":{"line":51,"column":2},"end":{"line":51,"column":12}},"loc":{"start":{"line":51,"column":23},"end":{"line":55,"column":3}}},"11":{"name":"(anonymous_11)","decl":{"start":{"line":53,"column":35},"end":{"line":53,"column":35}},"loc":{"start":{"line":53,"column":40},"end":{"line":53,"column":59}}},"12":{"name":"(anonymous_12)","decl":{"start":{"line":57,"column":2},"end":{"line":null,"column":-1}},"loc":{"start":{"line":57,"column":2},"end":{"line":59,"column":3}}},"13":{"name":"(anonymous_13)","decl":{"start":{"line":58,"column":29},"end":{"line":58,"column":29}},"loc":{"start":{"line":58,"column":34},"end":{"line":58,"column":53}}},"14":{"name":"(anonymous_14)","decl":{"start":{"line":61,"column":2},"end":{"line":null,"column":-1}},"loc":{"start":{"line":61,"column":2},"end":{"line":63,"column":3}}},"15":{"name":"(anonymous_15)","decl":{"start":{"line":62,"column":29},"end":{"line":62,"column":29}},"loc":{"start":{"line":62,"column":34},"end":{"line":62,"column":54}}},"16":{"name":"(anonymous_16)","decl":{"start":{"line":65,"column":2},"end":{"line":65,"column":22}},"loc":{"start":{"line":65,"column":38},"end":{"line":71,"column":3}}},"17":{"name":"(anonymous_17)","decl":{"start":{"line":67,"column":29},"end":{"line":67,"column":29}},"loc":{"start":{"line":67,"column":34},"end":{"line":69,"column":59}}},"18":{"name":"(anonymous_18)","decl":{"start":{"line":73,"column":2},"end":{"line":73,"column":18}},"loc":{"start":{"line":73,"column":49},"end":{"line":84,"column":3}}},"19":{"name":"(anonymous_19)","decl":{"start":{"line":74,"column":33},"end":{"line":74,"column":33}},"loc":{"start":{"line":74,"column":35},"end":{"line":74,"column":55}}},"20":{"name":"(anonymous_20)","decl":{"start":{"line":75,"column":33},"end":{"line":75,"column":33}},"loc":{"start":{"line":75,"column":35},"end":{"line":75,"column":55}}},"21":{"name":"(anonymous_21)","decl":{"start":{"line":86,"column":2},"end":{"line":86,"column":14}},"loc":{"start":{"line":86,"column":29},"end":{"line":89,"column":3}}},"22":{"name":"(anonymous_22)","decl":{"start":{"line":87,"column":33},"end":{"line":87,"column":33}},"loc":{"start":{"line":87,"column":35},"end":{"line":87,"column":55}}}},"branchMap":{"0":{"loc":{"start":{"line":32,"column":4},"end":{"line":37,"column":5}},"type":"if","locations":[{"start":{"line":32,"column":4},"end":{"line":37,"column":5}},{"start":{"line":32,"column":4},"end":{"line":37,"column":5}}]},"1":{"loc":{"start":{"line":44,"column":4},"end":{"line":47,"column":5}},"type":"if","locations":[{"start":{"line":44,"column":4},"end":{"line":47,"column":5}},{"start":{"line":44,"column":4},"end":{"line":47,"column":5}}]},"2":{"loc":{"start":{"line":68,"column":6},"end":{"line":68,"column":53}},"type":"binary-expr","locations":[{"start":{"line":68,"column":6},"end":{"line":68,"column":53}},{"start":{"line":69,"column":6},"end":{"line":69,"column":59}}]},"3":{"loc":{"start":{"line":77,"column":4},"end":{"line":81,"column":5}},"type":"if","locations":[{"start":{"line":77,"column":4},"end":{"line":81,"column":5}},{"start":{"line":77,"column":4},"end":{"line":81,"column":5}}]},"4":{"loc":{"start":{"line":77,"column":8},"end":{"line":77,"column":12}},"type":"binary-expr","locations":[{"start":{"line":77,"column":8},"end":{"line":77,"column":12}},{"start":{"line":77,"column":16},"end":{"line":77,"column":20}}]},"5":{"loc":{"start":{"line":88,"column":18},"end":{"line":88,"column":28}},"type":"cond-expr","locations":[{"start":{"line":88,"column":18},"end":{"line":88,"column":28}},{"start":{"line":88,"column":31},"end":{"line":88,"column":33}}]}},"s":{"0":1,"1":1,"2":21,"3":21,"4":1,"5":3,"6":1,"7":2,"8":1,"9":1,"10":22,"11":22,"12":22,"13":22,"14":1,"15":2,"16":1,"17":2,"18":1,"19":1,"20":1,"21":1,"22":1,"23":1,"24":4,"25":3,"26":4,"27":3,"28":3,"29":1,"30":1,"31":2,"32":2,"33":1,"34":2,"35":1,"36":1,"37":2,"38":1,"39":1,"40":2,"41":1,"42":4,"43":4,"44":8,"45":1,"46":5,"47":5,"48":5,"49":0,"50":5,"51":0,"52":0,"53":0,"54":5,"55":1,"56":2,"57":0,"58":2,"59":1,"60":1},"f":{"0":1,"1":21,"2":3,"3":2,"4":1,"5":22,"6":2,"7":1,"8":4,"9":3,"10":2,"11":1,"12":1,"13":2,"14":1,"15":2,"16":4,"17":8,"18":5,"19":5,"20":0,"21":2,"22":0},"b":{"0":[1,1],"1":[3,1],"2":[8,3],"3":[0,5],"4":[5,4],"5":[0,2]}}
,"C:\\Users\\ylach\\Desktop\\joao\\sonar-nodejs-example\\src\\User.ts": {"path":"C:\\Users\\ylach\\Desktop\\joao\\sonar-nodejs-example\\src\\User.ts","statementMap":{"0":{"start":{"line":3,"column":0},"end":{"line":15,"column":2}},"1":{"start":{"line":11,"column":6},"end":{"line":11,"column":31}},"2":{"start":{"line":12,"column":6},"end":{"line":12,"column":31}},"3":{"start":{"line":13,"column":6},"end":{"line":13,"column":22}},"4":{"start":{"line":4,"column":19},"end":{"line":4,"column":31}},"5":{"start":{"line":15,"column":2},"end":{"line":15,"column":3}},"6":{"start":{"line":3,"column":13},"end":{"line":3,"column":17}}},"fnMap":{"0":{"name":"(anonymous_0)","decl":{"start":{"line":3,"column":0},"end":{"line":null,"column":-1}},"loc":{"start":{"line":3,"column":0},"end":{"line":3,"column":-1}}},"1":{"name":"User","decl":{"start":{"line":10,"column":4},"end":{"line":10,"column":15}},"loc":{"start":{"line":10,"column":32},"end":{"line":14,"column":5}}}},"branchMap":{},"s":{"0":1,"1":14,"2":14,"3":14,"4":1,"5":1,"6":1},"f":{"0":1,"1":14},"b":{}}
,"C:\\Users\\ylach\\Desktop\\joao\\sonar-nodejs-example\\src\\UserManager.ts": {"path":"C:\\Users\\ylach\\Desktop\\joao\\sonar-nodejs-example\\src\\UserManager.ts","statementMap":{"0":{"start":{"line":2,"column":0},"end":{"line":2,"column":29}},"1":{"start":{"line":4,"column":0},"end":{"line":42,"column":0}},"2":{"start":{"line":8,"column":4},"end":{"line":8,"column":20}},"3":{"start":{"line":11,"column":2},"end":{"line":15,"column":3}},"4":{"start":{"line":12,"column":17},"end":{"line":12,"column":35}},"5":{"start":{"line":13,"column":4},"end":{"line":13,"column":26}},"6":{"start":{"line":14,"column":4},"end":{"line":14,"column":16}},"7":{"start":{"line":17,"column":2},"end":{"line":27,"column":3}},"8":{"start":{"line":18,"column":17},"end":{"line":18,"column":56}},"9":{"start":{"line":18,"column":40},"end":{"line":18,"column":55}},"10":{"start":{"line":20,"column":4},"end":{"line":23,"column":5}},"11":{"start":{"line":21,"column":6},"end":{"line":21,"column":34}},"12":{"start":{"line":22,"column":6},"end":{"line":22,"column":18}},"13":{"start":{"line":25,"column":4},"end":{"line":25,"column":21}},"14":{"start":{"line":29,"column":2},"end":{"line":33,"column":3}},"15":{"start":{"line":30,"column":26},"end":{"line":30,"column":43}},"16":{"start":{"line":31,"column":4},"end":{"line":31,"column":65}},"17":{"start":{"line":31,"column":45},"end":{"line":31,"column":63}},"18":{"start":{"line":32,"column":4},"end":{"line":32,"column":47}},"19":{"start":{"line":35,"column":2},"end":{"line":37,"column":3}},"20":{"start":{"line":36,"column":4},"end":{"line":36,"column":22}},"21":{"start":{"line":39,"column":2},"end":{"line":41,"column":3}},"22":{"start":{"line":40,"column":4},"end":{"line":40,"column":57}},"23":{"start":{"line":40,"column":37},"end":{"line":40,"column":55}},"24":{"start":{"line":42,"column":0},"end":{"line":42,"column":1}},"25":{"start":{"line":4,"column":13},"end":{"line":4,"column":24}}},"fnMap":{"0":{"name":"(anonymous_0)","decl":{"start":{"line":4,"column":0},"end":{"line":null,"column":-1}},"loc":{"start":{"line":4,"column":0},"end":{"line":4,"column":-1}}},"1":{"name":"UserManager","decl":{"start":{"line":7,"column":2},"end":{"line":null,"column":-1}},"loc":{"start":{"line":7,"column":2},"end":{"line":9,"column":3}}},"2":{"name":"(anonymous_2)","decl":{"start":{"line":11,"column":2},"end":{"line":11,"column":9}},"loc":{"start":{"line":11,"column":26},"end":{"line":15,"column":3}}},"3":{"name":"(anonymous_3)","decl":{"start":{"line":17,"column":2},"end":{"line":17,"column":12}},"loc":{"start":{"line":17,"column":48},"end":{"line":27,"column":3}}},"4":{"name":"(anonymous_4)","decl":{"start":{"line":18,"column":33},"end":{"line":18,"column":33}},"loc":{"start":{"line":18,"column":35},"end":{"line":18,"column":55}}},"5":{"name":"(anonymous_5)","decl":{"start":{"line":29,"column":2},"end":{"line":29,"column":12}},"loc":{"start":{"line":29,"column":27},"end":{"line":33,"column":3}}},"6":{"name":"(anonymous_6)","decl":{"start":{"line":31,"column":35},"end":{"line":31,"column":35}},"loc":{"start":{"line":31,"column":40},"end":{"line":31,"column":63}}},"7":{"name":"(anonymous_7)","decl":{"start":{"line":35,"column":2},"end":{"line":null,"column":-1}},"loc":{"start":{"line":35,"column":2},"end":{"line":37,"column":3}}},"8":{"name":"(anonymous_8)","decl":{"start":{"line":39,"column":2},"end":{"line":39,"column":13}},"loc":{"start":{"line":39,"column":28},"end":{"line":41,"column":3}}},"9":{"name":"(anonymous_9)","decl":{"start":{"line":40,"column":27},"end":{"line":40,"column":27}},"loc":{"start":{"line":40,"column":32},"end":{"line":40,"column":55}}}},"branchMap":{"0":{"loc":{"start":{"line":20,"column":4},"end":{"line":23,"column":5}},"type":"if","locations":[{"start":{"line":20,"column":4},"end":{"line":23,"column":5}},{"start":{"line":20,"column":4},"end":{"line":23,"column":5}}]}},"s":{"0":1,"1":1,"2":12,"3":1,"4":14,"5":14,"6":14,"7":1,"8":3,"9":3,"10":3,"11":2,"12":2,"13":1,"14":1,"15":3,"16":3,"17":4,"18":3,"19":1,"20":4,"21":1,"22":3,"23":4,"24":1,"25":1},"f":{"0":1,"1":12,"2":14,"3":3,"4":3,"5":3,"6":4,"7":4,"8":3,"9":4},"b":{"0":[2,1]}}
,"C:\\Users\\ylach\\Desktop\\joao\\sonar-nodejs-example\\src\\UserRoutes.ts": {"path":"C:\\Users\\ylach\\Desktop\\joao\\sonar-nodejs-example\\src\\UserRoutes.ts","statementMap":{"0":{"start":{"line":1,"column":0},"end":{"line":1,"column":52}},"1":{"start":{"line":2,"column":0},"end":{"line":2,"column":43}},"2":{"start":{"line":4,"column":19},"end":{"line":4,"column":35}},"3":{"start":{"line":5,"column":20},"end":{"line":5,"column":37}},"4":{"start":{"line":8,"column":0},"end":{"line":12,"column":3}},"5":{"start":{"line":9,"column":10},"end":{"line":9,"column":18}},"6":{"start":{"line":10,"column":15},"end":{"line":10,"column":44}},"7":{"start":{"line":11,"column":2},"end":{"line":11,"column":17}},"8":{"start":{"line":15,"column":0},"end":{"line":25,"column":3}},"9":{"start":{"line":16,"column":17},"end":{"line":16,"column":48}},"10":{"start":{"line":17,"column":10},"end":{"line":17,"column":21}},"11":{"start":{"line":18,"column":22},"end":{"line":18,"column":65}},"12":{"start":{"line":20,"column":2},"end":{"line":24,"column":3}},"13":{"start":{"line":21,"column":4},"end":{"line":21,"column":26}},"14":{"start":{"line":23,"column":4},"end":{"line":23,"column":54}},"15":{"start":{"line":28,"column":0},"end":{"line":37,"column":3}},"16":{"start":{"line":29,"column":17},"end":{"line":29,"column":48}},"17":{"start":{"line":30,"column":18},"end":{"line":30,"column":48}},"18":{"start":{"line":32,"column":2},"end":{"line":36,"column":3}},"19":{"start":{"line":33,"column":4},"end":{"line":33,"column":55}},"20":{"start":{"line":35,"column":4},"end":{"line":35,"column":54}},"21":{"start":{"line":40,"column":0},"end":{"line":43,"column":3}},"22":{"start":{"line":41,"column":19},"end":{"line":41,"column":44}},"23":{"start":{"line":42,"column":2},"end":{"line":42,"column":21}},"24":{"start":{"line":46,"column":0},"end":{"line":55,"column":3}},"25":{"start":{"line":47,"column":17},"end":{"line":47,"column":48}},"26":{"start":{"line":48,"column":15},"end":{"line":48,"column":46}},"27":{"start":{"line":50,"column":2},"end":{"line":54,"column":3}},"28":{"start":{"line":51,"column":4},"end":{"line":51,"column":19}},"29":{"start":{"line":53,"column":4},"end":{"line":53,"column":54}},"30":{"start":{"line":57,"column":0},"end":{"line":57,"column":26}}},"fnMap":{"0":{"name":"(anonymous_1)","decl":{"start":{"line":8,"column":26},"end":{"line":8,"column":26}},"loc":{"start":{"line":8,"column":54},"end":{"line":12,"column":1}}},"1":{"name":"(anonymous_2)","decl":{"start":{"line":15,"column":33},"end":{"line":15,"column":33}},"loc":{"start":{"line":15,"column":61},"end":{"line":25,"column":1}}},"2":{"name":"(anonymous_3)","decl":{"start":{"line":28,"column":36},"end":{"line":28,"column":36}},"loc":{"start":{"line":28,"column":64},"end":{"line":37,"column":1}}},"3":{"name":"(anonymous_4)","decl":{"start":{"line":40,"column":25},"end":{"line":40,"column":25}},"loc":{"start":{"line":40,"column":53},"end":{"line":43,"column":1}}},"4":{"name":"(anonymous_5)","decl":{"start":{"line":46,"column":33},"end":{"line":46,"column":33}},"loc":{"start":{"line":46,"column":61},"end":{"line":55,"column":1}}}},"branchMap":{"0":{"loc":{"start":{"line":20,"column":2},"end":{"line":24,"column":3}},"type":"if","locations":[{"start":{"line":20,"column":2},"end":{"line":24,"column":3}},{"start":{"line":20,"column":2},"end":{"line":24,"column":3}}]},"1":{"loc":{"start":{"line":32,"column":2},"end":{"line":36,"column":3}},"type":"if","locations":[{"start":{"line":32,"column":2},"end":{"line":36,"column":3}},{"start":{"line":32,"column":2},"end":{"line":36,"column":3}}]},"2":{"loc":{"start":{"line":50,"column":2},"end":{"line":54,"column":3}},"type":"if","locations":[{"start":{"line":50,"column":2},"end":{"line":54,"column":3}},{"start":{"line":50,"column":2},"end":{"line":54,"column":3}}]}},"s":{"0":1,"1":1,"2":1,"3":1,"4":1,"5":4,"6":4,"7":4,"8":1,"9":1,"10":1,"11":1,"12":1,"13":1,"14":0,"15":1,"16":1,"17":1,"18":1,"19":1,"20":0,"21":1,"22":1,"23":1,"24":1,"25":1,"26":1,"27":1,"28":1,"29":0,"30":1},"f":{"0":4,"1":1,"2":1,"3":1,"4":1},"b":{"0":[1,0],"1":[1,0],"2":[1,0]}}
}
